<?xml version="1.0" encoding="UTF-8"?>
<Site BuildName="Linux-g++"
	BuildStamp="20230928-1210-Experimental"
	Name="codespaces-19f632"
	Generator="ctest-3.27.4"
	CompilerName="/usr/bin/g++"
	CompilerVersion="9.4.0"
	OSName="Linux"
	Hostname="codespaces-19f632"
	OSRelease="5.15.0-1041-azure"
	OSVersion="#48-Ubuntu SMP Tue Jun 20 20:34:08 UTC 2023"
	OSPlatform="x86_64"
	Is64Bits="1"
	VendorString="AuthenticAMD"
	VendorID="Advanced Micro Devices"
	FamilyID="25"
	ModelID="1"
	ProcessorCacheSize="512"
	NumberOfLogicalCPU="2"
	NumberOfPhysicalCPU="1"
	TotalVirtualMemory="0"
	TotalPhysicalMemory="7939"
	LogicalProcessorsPerPhysical="2"
	ProcessorClockFrequency="3221.03"
	>
	<Testing>
		<StartDateTime>Sep 28 12:10 UTC</StartDateTime>
		<StartTestTime>1695903057</StartTestTime>
		<TestList/>
		<EndDateTime>Sep 28 12:10 UTC</EndDateTime>
		<EndTestTime>1695903057</EndTestTime>
		<ElapsedMinutes>0</ElapsedMinutes>
	</Testing>
</Site>
